<?xml version="1.0" encoding="UTF-8"?>
<!-- Generated by org.testng.reporters.JUnitXMLReporter -->
<testsuite hostname="DESKTOP-LQHB81I" name="Test" tests="4" failures="0" timestamp="17 Sep 2019 01:27:48 GMT" time="51.783" errors="0">
  <testcase name="Assertion2" time="0.184" classname="academy.ValidatingNavBar"/>
  <testcase name="Firstpagenavigation" time="16.19" classname="academy.Homepage"/>
  <testcase name="Firstpagenavigation" time="5.778" classname="academy.Homepage"/>
  <testcase name="Assertions1" time="0.062" classname="academy.ValidatingAssertions"/>
</testsuite> <!-- Test -->
