<?xml version="1.0" encoding="UTF-8"?>
<!-- Generated by org.testng.reporters.JUnitXMLReporter -->
<testsuite hostname="DESKTOP-LQHB81I" name="validating text" tests="1" failures="1" timestamp="18 Sep 2019 20:32:48 GMT" time="9.613" errors="0">
  <testcase name="Assertions1" time="0.065" classname="academy.ValidatingAssertions">
    <failure type="java.lang.AssertionError" message="expected [FEATURED123 COURSES] but found [FEATURED COURSES]">
      <![CDATA[java.lang.AssertionError: expected [FEATURED123 COURSES] but found [FEATURED COURSES]
	at academy.ValidatingAssertions.Assertions1(ValidatingAssertions.java:36)
... Removed 29 stack frames]]>
    </failure>
  </testcase> <!-- Assertions1 -->
</testsuite> <!-- validating text -->
