<?xml version="1.0" encoding="UTF-8"?>
<!-- Generated by org.testng.reporters.JUnitXMLReporter -->
<testsuite hostname="DESKTOP-LQHB81I" name="Test" tests="4" failures="0" timestamp="17 Sep 2019 18:22:41 GMT" time="46.02" errors="0">
  <testcase name="Assertion2" time="0.108" classname="academy.ValidatingNavBar"/>
  <testcase name="Firstpagenavigation" time="10.24" classname="academy.Homepage"/>
  <testcase name="Firstpagenavigation" time="5.719" classname="academy.Homepage"/>
  <testcase name="Assertions1" time="0.065" classname="academy.ValidatingAssertions"/>
</testsuite> <!-- Test -->
